2017-08-24 14:19:19 {restartedMain} INFO  contacts.Application - [StartupInfoLogger.java:48] Starting Application on dahuatech-34049 with PID 7328 (D:\AppData\eclipse-workspace\mysbm\target\classes started by dahuatec34049 in D:\AppData\eclipse-workspace\mysbm)
2017-08-24 14:19:19 {restartedMain} DEBUG contacts.Application - [StartupInfoLogger.java:51] Running with Spring Boot v1.5.1.RELEASE, Spring v4.3.6.RELEASE
2017-08-24 14:19:19 {restartedMain} INFO  contacts.Application - [SpringApplication.java:637] No active profile set, falling back to default profiles: default
2017-08-24 14:19:20 {background-preinit} DEBUG org.jboss.logging - [LoggerProviders.java:160] Logging Provider: org.jboss.logging.Slf4jLoggerProvider found via system property
2017-08-24 14:19:24 {restartedMain} INFO  contacts.Application - [StartupInfoLogger.java:57] Started Application in 4.734 seconds (JVM running for 5.39)
2017-08-24 14:19:31 {http-nio-8080-exec-1} INFO  contacts.ContactController - [ContactController.java:30] contacts:[]
2017-08-24 14:19:38 {http-nio-8080-exec-5} INFO  contacts.ContactController - [ContactController.java:30] contacts:[contacts.Contact@7af1bab2]
2017-08-24 14:19:58 {restartedMain} INFO  contacts.Application - [StartupInfoLogger.java:48] Starting Application on dahuatech-34049 with PID 7328 (D:\AppData\eclipse-workspace\mysbm\target\classes started by dahuatec34049 in D:\AppData\eclipse-workspace\mysbm)
2017-08-24 14:19:58 {restartedMain} DEBUG contacts.Application - [StartupInfoLogger.java:51] Running with Spring Boot v1.5.1.RELEASE, Spring v4.3.6.RELEASE
2017-08-24 14:19:58 {restartedMain} INFO  contacts.Application - [SpringApplication.java:637] No active profile set, falling back to default profiles: default
2017-08-24 14:19:59 {restartedMain} INFO  contacts.Application - [StartupInfoLogger.java:57] Started Application in 1.038 seconds (JVM running for 40.949)
2017-08-24 14:20:14 {restartedMain} INFO  contacts.Application - [StartupInfoLogger.java:48] Starting Application on dahuatech-34049 with PID 7328 (D:\AppData\eclipse-workspace\mysbm\target\classes started by dahuatec34049 in D:\AppData\eclipse-workspace\mysbm)
2017-08-24 14:20:14 {restartedMain} DEBUG contacts.Application - [StartupInfoLogger.java:51] Running with Spring Boot v1.5.1.RELEASE, Spring v4.3.6.RELEASE
2017-08-24 14:20:14 {restartedMain} INFO  contacts.Application - [SpringApplication.java:637] No active profile set, falling back to default profiles: default
2017-08-24 14:20:15 {restartedMain} INFO  contacts.Application - [StartupInfoLogger.java:57] Started Application in 0.898 seconds (JVM running for 56.448)
2017-08-24 14:20:20 {http-nio-8080-exec-1} INFO  contacts.ContactController - [ContactController.java:30] contacts:[]
2017-08-24 14:20:26 {http-nio-8080-exec-5} INFO  contacts.ContactController - [ContactController.java:30] contacts:[Contact [id=1, firstName=1, lastName=2, phoneNumber=3, emailAddress=4]]
2017-08-24 14:24:02 {restartedMain} INFO  contacts.Application - [StartupInfoLogger.java:48] Starting Application on dahuatech-34049 with PID 1132 (D:\AppData\eclipse-workspace\mysbm\target\classes started by dahuatec34049 in D:\AppData\eclipse-workspace\mysbm)
2017-08-24 14:24:02 {restartedMain} DEBUG contacts.Application - [StartupInfoLogger.java:51] Running with Spring Boot v1.5.1.RELEASE, Spring v4.3.6.RELEASE
2017-08-24 14:24:02 {restartedMain} INFO  contacts.Application - [SpringApplication.java:637] No active profile set, falling back to default profiles: default
2017-08-24 14:24:03 {background-preinit} DEBUG org.jboss.logging - [LoggerProviders.java:160] Logging Provider: org.jboss.logging.Slf4jLoggerProvider found via system property
2017-08-24 14:24:06 {restartedMain} INFO  contacts.Application - [StartupInfoLogger.java:57] Started Application in 4.546 seconds (JVM running for 5.144)
2017-08-24 14:24:13 {http-nio-8080-exec-1} INFO  contacts.ContactController - [ContactController.java:30] contacts:[]
2017-08-24 14:24:26 {restartedMain} INFO  contacts.Application - [StartupInfoLogger.java:48] Starting Application on dahuatech-34049 with PID 1132 (D:\AppData\eclipse-workspace\mysbm\target\classes started by dahuatec34049 in D:\AppData\eclipse-workspace\mysbm)
2017-08-24 14:24:26 {restartedMain} DEBUG contacts.Application - [StartupInfoLogger.java:51] Running with Spring Boot v1.5.1.RELEASE, Spring v4.3.6.RELEASE
2017-08-24 14:24:26 {restartedMain} INFO  contacts.Application - [SpringApplication.java:637] No active profile set, falling back to default profiles: default
2017-08-24 14:24:27 {restartedMain} INFO  contacts.Application - [StartupInfoLogger.java:57] Started Application in 1.021 seconds (JVM running for 25.731)
2017-08-24 14:26:57 {restartedMain} INFO  contacts.Application - [StartupInfoLogger.java:48] Starting Application on dahuatech-34049 with PID 5996 (D:\AppData\eclipse-workspace\mysbm\target\classes started by dahuatec34049 in D:\AppData\eclipse-workspace\mysbm)
2017-08-24 14:26:57 {restartedMain} DEBUG contacts.Application - [StartupInfoLogger.java:51] Running with Spring Boot v1.5.1.RELEASE, Spring v4.3.6.RELEASE
2017-08-24 14:26:57 {restartedMain} INFO  contacts.Application - [SpringApplication.java:637] No active profile set, falling back to default profiles: default
2017-08-24 14:26:58 {background-preinit} DEBUG org.jboss.logging - [LoggerProviders.java:160] Logging Provider: org.jboss.logging.Slf4jLoggerProvider found via system property
2017-08-24 14:27:02 {restartedMain} INFO  contacts.Application - [StartupInfoLogger.java:57] Started Application in 5.021 seconds (JVM running for 5.641)
2017-08-24 14:27:07 {http-nio-8080-exec-1} INFO  contacts.ContactController - [ContactController.java:30] contacts:[]
2017-08-24 14:27:17 {restartedMain} INFO  contacts.Application - [StartupInfoLogger.java:48] Starting Application on dahuatech-34049 with PID 5996 (D:\AppData\eclipse-workspace\mysbm\target\classes started by dahuatec34049 in D:\AppData\eclipse-workspace\mysbm)
2017-08-24 14:27:17 {restartedMain} DEBUG contacts.Application - [StartupInfoLogger.java:51] Running with Spring Boot v1.5.1.RELEASE, Spring v4.3.6.RELEASE
2017-08-24 14:27:17 {restartedMain} INFO  contacts.Application - [SpringApplication.java:637] No active profile set, falling back to default profiles: default
2017-08-24 14:27:18 {restartedMain} INFO  contacts.Application - [StartupInfoLogger.java:57] Started Application in 1.346 seconds (JVM running for 22.165)
2017-08-24 14:38:02 {restartedMain} INFO  contacts.Application - [StartupInfoLogger.java:48] Starting Application on dahuatech-34049 with PID 6528 (D:\AppData\eclipse-workspace\mysbm\target\classes started by dahuatec34049 in D:\AppData\eclipse-workspace\mysbm)
2017-08-24 14:38:02 {restartedMain} DEBUG contacts.Application - [StartupInfoLogger.java:51] Running with Spring Boot v1.5.1.RELEASE, Spring v4.3.6.RELEASE
2017-08-24 14:38:02 {restartedMain} INFO  contacts.Application - [SpringApplication.java:637] No active profile set, falling back to default profiles: default
2017-08-24 14:38:03 {background-preinit} DEBUG org.jboss.logging - [LoggerProviders.java:160] Logging Provider: org.jboss.logging.Slf4jLoggerProvider found via system property
2017-08-24 14:38:07 {restartedMain} INFO  contacts.Application - [StartupInfoLogger.java:57] Started Application in 4.984 seconds (JVM running for 5.572)
2017-08-24 14:38:16 {http-nio-8080-exec-1} INFO  contacts.ContactController - [ContactController.java:30] contacts:[]
2017-08-24 14:43:05 {restartedMain} INFO  contacts.Application - [StartupInfoLogger.java:48] Starting Application on dahuatech-34049 with PID 3328 (D:\AppData\eclipse-workspace\mysbm\target\classes started by dahuatec34049 in D:\AppData\eclipse-workspace\mysbm)
2017-08-24 14:43:05 {restartedMain} DEBUG contacts.Application - [StartupInfoLogger.java:51] Running with Spring Boot v1.5.1.RELEASE, Spring v4.3.6.RELEASE
2017-08-24 14:43:05 {restartedMain} INFO  contacts.Application - [SpringApplication.java:637] No active profile set, falling back to default profiles: default
2017-08-24 14:43:05 {background-preinit} DEBUG org.jboss.logging - [LoggerProviders.java:160] Logging Provider: org.jboss.logging.Slf4jLoggerProvider found via system property
2017-08-24 14:43:09 {restartedMain} INFO  contacts.Application - [StartupInfoLogger.java:57] Started Application in 4.872 seconds (JVM running for 5.513)
2017-08-24 14:43:17 {http-nio-8080-exec-1} INFO  contacts.ContactController - [ContactController.java:30] contacts:[]
2017-08-24 14:43:20 {http-nio-8080-exec-4} INFO  contacts.ContactController - [ContactController.java:30] contacts:[Contact [id=1, firstName=, lastName=1, phoneNumber=, emailAddress=]]
2017-08-24 14:43:20 {http-nio-8080-exec-6} INFO  contacts.ContactController - [ContactController.java:30] contacts:[Contact [id=2, firstName=, lastName=, phoneNumber=, emailAddress=], Contact [id=1, firstName=, lastName=1, phoneNumber=, emailAddress=]]
2017-08-24 14:43:29 {restartedMain} INFO  contacts.Application - [StartupInfoLogger.java:48] Starting Application on dahuatech-34049 with PID 3328 (D:\AppData\eclipse-workspace\mysbm\target\classes started by dahuatec34049 in D:\AppData\eclipse-workspace\mysbm)
2017-08-24 14:43:29 {restartedMain} DEBUG contacts.Application - [StartupInfoLogger.java:51] Running with Spring Boot v1.5.1.RELEASE, Spring v4.3.6.RELEASE
2017-08-24 14:43:29 {restartedMain} INFO  contacts.Application - [SpringApplication.java:637] No active profile set, falling back to default profiles: default
2017-08-24 14:43:30 {restartedMain} INFO  contacts.Application - [StartupInfoLogger.java:57] Started Application in 1.088 seconds (JVM running for 26.064)
2017-08-24 14:43:33 {http-nio-8080-exec-1} INFO  contacts.ContactController - [ContactController.java:30] contacts:[]
2017-08-24 14:45:30 {restartedMain} INFO  contacts.Application - [StartupInfoLogger.java:48] Starting Application on dahuatech-34049 with PID 3540 (D:\AppData\eclipse-workspace\mysbm\target\classes started by dahuatec34049 in D:\AppData\eclipse-workspace\mysbm)
2017-08-24 14:45:30 {restartedMain} DEBUG contacts.Application - [StartupInfoLogger.java:51] Running with Spring Boot v1.5.1.RELEASE, Spring v4.3.6.RELEASE
2017-08-24 14:45:30 {restartedMain} INFO  contacts.Application - [SpringApplication.java:637] No active profile set, falling back to default profiles: default
2017-08-24 14:45:31 {background-preinit} DEBUG org.jboss.logging - [LoggerProviders.java:160] Logging Provider: org.jboss.logging.Slf4jLoggerProvider found via system property
2017-08-24 14:45:34 {restartedMain} INFO  contacts.Application - [StartupInfoLogger.java:57] Started Application in 4.603 seconds (JVM running for 5.205)
2017-08-24 14:45:37 {http-nio-8080-exec-1} INFO  contacts.ContactController - [ContactController.java:30] contacts:[]
2017-08-24 14:45:46 {restartedMain} INFO  contacts.Application - [StartupInfoLogger.java:48] Starting Application on dahuatech-34049 with PID 3540 (D:\AppData\eclipse-workspace\mysbm\target\classes started by dahuatec34049 in D:\AppData\eclipse-workspace\mysbm)
2017-08-24 14:45:46 {restartedMain} DEBUG contacts.Application - [StartupInfoLogger.java:51] Running with Spring Boot v1.5.1.RELEASE, Spring v4.3.6.RELEASE
2017-08-24 14:45:46 {restartedMain} INFO  contacts.Application - [SpringApplication.java:637] No active profile set, falling back to default profiles: default
2017-08-24 14:45:47 {restartedMain} INFO  contacts.Application - [StartupInfoLogger.java:57] Started Application in 1.008 seconds (JVM running for 17.509)
